G: 0.26, -0.22, 0.98 deg/s
A: 0.18, 0.02, 0.97 g
M: 0.19, -0.01, -0.47 gauss
Pitch, Roll: -10.36, 0.90
Heading: 178.00

G: 0.70, -0.05, 1.29 deg/s
A: 0.18, 0.03, 0.96 g
M: 0.19, -0.01, -0.48 gauss
Pitch, Roll: -10.56, 1.69
Heading: 177.10

G: 0.28, -0.16, 1.47 deg/s
A: 0.18, 0.01, 0.97 g
M: 0.18, -0.01, -0.47 gauss
Pitch, Roll: -10.39, 0.86
Heading: 177.34

G: 0.62, -0.09, 1.19 deg/s
A: 0.18, 0.02, 0.97 g
M: 0.19, -0.01, -0.48 gauss
Pitch, Roll: -10.63, 0.93
Heading: 178.07

G: 0.72, -0.33, 1.21 deg/s
A: 0.18, 0.02, 0.96 g
M: 0.19, -0.00, -0.47 gauss
Pitch, Roll: -10.80, 0.90
Heading: 178.97

G: 0.31, -0.04, 1.09 deg/s
A: 0.18, 0.02, 0.96 g
M: 0.19, -0.01, -0.48 gauss
Pitch, Roll: -10.64, 0.91
Heading: 177.68

G: 0.22, -0.38, 1.28 deg/s
A: 0.18, 0.02, 0.96 g
M: 0.18, -0.01, -0.46 gauss
Pitch, Roll: -10.69, 0.93
Heading: 177.99

G: 0.40, -0.17, 1.19 deg/s
A: 0.18, 0.01, 0.96 g
M: 0.19, -0.01, -0.47 gauss
Pitch, Roll: -10.68, 0.86
Heading: 177.69

G: 0.25, -0.11, 1.18 deg/s
A: 0.18, 0.01, 0.97 g
M: 0.19, -0.01, -0.47 gauss
Pitch, Roll: -10.64, 0.83
Heading: 178.45

G: 0.38, -0.27, 1.23 deg/s
A: 0.18, 0.01, 0.97 g
M: 0.19, -0.01, -0.47 gauss
Pitch, Roll: -10.42, 0.86
Heading: 178.12

G: 0.80, -0.28, 1.18 deg/s
A: 0.18, 0.01, 0.96 g
M: 0.19, -0.01, -0.48 gauss
Pitch, Roll: -10.66, 0.85
Heading: 178.04

G: 0.48, -0.11, 1.09 deg/s
A: 0.18, 0.01, 0.96 g
M: 0.19, -0.01, -0.48 gauss
Pitch, Roll: -10.54, 0.77
Heading: 178.40

G: 0.38, -0.22, 1.13 deg/s
A: 0.18, 0.01, 0.96 g
M: 0.19, -0.00, -0.48 gauss
Pitch, Roll: -10.66, 0.83
Heading: 179.32

G: 0.50, -0.23, 1.14 deg/s
A: 0.18, 0.01, 0.97 g
M: 0.19, -0.01, -0.48 gauss
Pitch, Roll: -10.60, 0.84
Heading: 178.81

G: 0.55, -0.41, 1.05 deg/s
A: 0.18, 0.01, 0.97 g
M: 0.19, -0.01, -0.48 gauss
Pitch, Roll: -10.57, 0.81
Heading: 177.30

G: 0.45, -0.45, 0.97 deg/s
A: 0.18, 0.01, 0.97 g
M: 0.19, -0.01, -0.48 gauss
Pitch, Roll: -10.50, 0.86
Heading: 177.64

G: 0.35, -0.44, 1.04 deg/s
A: 0.18, 0.02, 0.97 g
M: 0.19, -0.01, -0.47 gauss
Pitch, Roll: -10.51, 0.94
Heading: 178.17

G: 0.47, -0.07, 1.17 deg/s
A: 0.18, 0.01, 0.97 g
M: 0.19, -0.00, -0.47 gauss
Pitch, Roll: -10.68, 0.73
Heading: 179.09

G: 0.55, -0.50, 1.30 deg/s
A: 0.18, 0.02, 0.97 g
M: 0.18, -0.00, -0.47 gauss
Pitch, Roll: -10.62, 0.89
Heading: 179.54

G: 0.45, -0.09, 1.21 deg/s
A: 0.18, 0.01, 0.96 g
M: 0.19, -0.01, -0.48 gauss
Pitch, Roll: -10.63, 0.71
Heading: 177.78

G: 0.30, -0.05, 1.04 deg/s
A: 0.18, 0.01, 0.96 g
M: 0.19, -0.01, -0.49 gauss
Pitch, Roll: -10.73, 0.80
Heading: 175.89

G: 0.58, -0.33, 1.23 deg/s
A: 0.18, 0.01, 0.96 g
M: 0.19, -0.01, -0.47 gauss
Pitch, Roll: -10.52, 0.88
Heading: 177.69

G: 0.45, -0.35, 1.11 deg/s
A: 0.18, 0.01, 0.96 g
M: 0.19, -0.01, -0.48 gauss
Pitch, Roll: -10.54, 0.89
Heading: 177.44

G: 0.29, -0.20, 1.10 deg/s
A: 0.18, 0.02, 0.97 g
M: 0.19, -0.01, -0.47 gauss
Pitch, Roll: -10.82, 0.90
Heading: 177.05

G: 0.33, -0.33, 1.34 deg/s
A: 0.18, 0.01, 0.97 g
M: 0.19, -0.01, -0.47 gauss
Pitch, Roll: -10.59, 0.79
Heading: 178.32
